0 info it worked if it ends with ok
1 verbose cli [ 'C:\\Program Files\\nodejs\\node.exe',
1 verbose cli   'C:\\Program Files\\nodejs\\node_modules\\npm\\bin\\npm-cli.js',
1 verbose cli   'run',
1 verbose cli   'dev' ]
2 info using npm@3.10.8
3 info using node@v6.9.1
4 verbose run-script [ 'predev', 'dev', 'postdev' ]
5 info lifecycle szy@~predev: szy@
6 silly lifecycle szy@~predev: no script for predev, continuing
7 info lifecycle szy@~dev: szy@
8 verbose lifecycle szy@~dev: unsafe-perm in lifecycle true
9 verbose lifecycle szy@~dev: PATH: C:\Program Files\nodejs\node_modules\npm\bin\node-gyp-bin;E:\dev\code\szy-exam\node_modules\.bin;E:\GreenProgram\php-5.6.13-Win32-VC11-x86;C:\WINDOWS\system32;C:\WINDOWS;C:\WINDOWS\System32\Wbem;C:\WINDOWS\System32\WindowsPowerShell\v1.0\;E:\Program Files\TortoiseGit\bin;E:\Program Files\Git\cmd;E:\Program Files\Git\mingw64\bin;E:\Program Files\Git\usr\bin;C:\Program Files\MySQL\MySQL Server 5.5\bin;C:\Program Files\nodejs\;C:\Ruby23-x64\bin;C:\Users\Administrator\AppData\Local\Microsoft\WindowsApps;C:\Users\Administrator\AppData\Roaming\npm
10 verbose lifecycle szy@~dev: CWD: E:\dev\code\szy-exam
11 silly lifecycle szy@~dev: Args: [ '/d /s /c',
11 silly lifecycle   'cross-env NODE_ENV=development webpack-dev-server --inline --hot' ]
12 silly lifecycle szy@~dev: Returned: code: 3221225786  signal: null
13 info lifecycle szy@~dev: Failed to exec dev script
14 verbose stack Error: szy@ dev: `cross-env NODE_ENV=development webpack-dev-server --inline --hot`
14 verbose stack Exit status 3221225786
14 verbose stack     at EventEmitter.<anonymous> (C:\Program Files\nodejs\node_modules\npm\lib\utils\lifecycle.js:255:16)
14 verbose stack     at emitTwo (events.js:106:13)
14 verbose stack     at EventEmitter.emit (events.js:191:7)
14 verbose stack     at ChildProcess.<anonymous> (C:\Program Files\nodejs\node_modules\npm\lib\utils\spawn.js:40:14)
14 verbose stack     at emitTwo (events.js:106:13)
14 verbose stack     at ChildProcess.emit (events.js:191:7)
14 verbose stack     at maybeClose (internal/child_process.js:877:16)
14 verbose stack     at Process.ChildProcess._handle.onexit (internal/child_process.js:226:5)
15 verbose pkgid szy@
16 verbose cwd E:\dev\code\szy-exam
17 error Windows_NT 10.0.14393
18 error argv "C:\\Program Files\\nodejs\\node.exe" "C:\\Program Files\\nodejs\\node_modules\\npm\\bin\\npm-cli.js" "run" "dev"
19 error node v6.9.1
20 error npm  v3.10.8
21 error code ELIFECYCLE
22 error szy@ dev: `cross-env NODE_ENV=development webpack-dev-server --inline --hot`
22 error Exit status 3221225786
23 error Failed at the szy@ dev script 'cross-env NODE_ENV=development webpack-dev-server --inline --hot'.
23 error Make sure you have the latest version of node.js and npm installed.
23 error If you do, this is most likely a problem with the szy package,
23 error not with npm itself.
23 error Tell the author that this fails on your system:
23 error     cross-env NODE_ENV=development webpack-dev-server --inline --hot
23 error You can get information on how to open an issue for this project with:
23 error     npm bugs szy
23 error Or if that isn't available, you can get their info via:
23 error     npm owner ls szy
23 error There is likely additional logging output above.
24 verbose exit [ 1, true ]
